<?xml version="1.0" encoding="UTF-8"?><testrun name="test" project="mysimpledb" tests="142" started="142" failures="1" errors="2" ignored="0">
  <testsuite name="simpledb.HeapPageIdTest" time="0.0">
    <testcase name="equals" classname="simpledb.HeapPageIdTest" time="0.0"/>
    <testcase name="getTableId" classname="simpledb.HeapPageIdTest" time="0.0"/>
    <testcase name="pageno" classname="simpledb.HeapPageIdTest" time="0.0"/>
    <testcase name="testHashCode" classname="simpledb.HeapPageIdTest" time="0.0"/>
  </testsuite>
  <testsuite name="simpledb.StringAggregatorTest" time="0.0">
    <testcase name="mergeCount" classname="simpledb.StringAggregatorTest" time="0.0"/>
    <testcase name="testIterator" classname="simpledb.StringAggregatorTest" time="0.0"/>
  </testsuite>
  <testsuite name="simpledb.systemtest.ScanTest" time="2.678">
    <testcase name="testTupleDesc" classname="simpledb.systemtest.ScanTest" time="0.374"/>
    <testcase name="testSmall" classname="simpledb.systemtest.ScanTest" time="1.371"/>
    <testcase name="testRewind" classname="simpledb.systemtest.ScanTest" time="0.02"/>
    <testcase name="testCache" classname="simpledb.systemtest.ScanTest" time="0.912"/>
  </testsuite>
  <testsuite name="simpledb.JoinOptimizerTest" time="81.759">
    <testcase name="estimateJoinCostTest" classname="simpledb.JoinOptimizerTest" time="1.278"/>
    <testcase name="estimateJoinCardinality" classname="simpledb.JoinOptimizerTest" time="0.504"/>
    <testcase name="orderJoinsTest" classname="simpledb.JoinOptimizerTest" time="16.285"/>
    <testcase name="bigOrderJoinsTest" classname="simpledb.JoinOptimizerTest" time="61.862">
      <error>java.lang.Exception: test timed out after 60000 milliseconds
	at org.junit.internal.runners.statements.FailOnTimeout.evaluate(FailOnTimeout.java:48)
	at org.junit.internal.runners.statements.RunBefores.evaluate(RunBefores.java:28)
	at org.junit.internal.runners.statements.RunAfters.evaluate(RunAfters.java:31)
	at org.junit.runners.BlockJUnit4ClassRunner.runChild(BlockJUnit4ClassRunner.java:73)
	at org.junit.runners.BlockJUnit4ClassRunner.runChild(BlockJUnit4ClassRunner.java:46)
	at org.junit.runners.ParentRunner.runChildren(ParentRunner.java:180)
	at org.junit.runners.ParentRunner.access$000(ParentRunner.java:41)
	at org.junit.runners.ParentRunner$1.evaluate(ParentRunner.java:173)
	at org.junit.internal.runners.statements.RunBefores.evaluate(RunBefores.java:28)
	at org.junit.internal.runners.statements.RunAfters.evaluate(RunAfters.java:31)
	at org.junit.runners.ParentRunner.run(ParentRunner.java:220)
	at org.eclipse.jdt.internal.junit4.runner.JUnit4TestReference.run(JUnit4TestReference.java:50)
	at org.eclipse.jdt.internal.junit.runner.TestExecution.run(TestExecution.java:38)
	at org.eclipse.jdt.internal.junit.runner.RemoteTestRunner.runTests(RemoteTestRunner.java:467)
	at org.eclipse.jdt.internal.junit.runner.RemoteTestRunner.runTests(RemoteTestRunner.java:683)
	at org.eclipse.jdt.internal.junit.runner.RemoteTestRunner.run(RemoteTestRunner.java:390)
	at org.eclipse.jdt.internal.junit.runner.RemoteTestRunner.main(RemoteTestRunner.java:197)

</error>
    </testcase>
    <testcase name="nonequalityOrderJoinsTest" classname="simpledb.JoinOptimizerTest" time="1.829"/>
  </testsuite>
  <testsuite name="simpledb.TupleTest" time="0.069">
    <testcase name="getTupleDesc" classname="simpledb.TupleTest" time="0.006"/>
    <testcase name="modifyFields" classname="simpledb.TupleTest" time="0.011"/>
    <testcase name="testToString" classname="simpledb.TupleTest" time="0.048"/>
    <testcase name="modifyRecordId" classname="simpledb.TupleTest" time="0.004"/>
  </testsuite>
  <testsuite name="simpledb.LockingTest" time="0.754">
    <testcase name="acquireWriteLocksOnSamePage" classname="simpledb.LockingTest" time="0.266"/>
    <testcase name="acquireWriteLocksOnTwoPages" classname="simpledb.LockingTest" time="0.188"/>
    <testcase name="acquireThenRelease" classname="simpledb.LockingTest" time="0.297"/>
  </testsuite>
  <testsuite name="simpledb.PredicateTest" time="0.007">
    <testcase name="filter" classname="simpledb.PredicateTest" time="0.007"/>
  </testsuite>
  <testsuite name="simpledb.TupleDescTest" time="0.222">
    <testcase name="combine" classname="simpledb.TupleDescTest" time="0.005"/>
    <testcase name="getType" classname="simpledb.TupleDescTest" time="0.005"/>
    <testcase name="getSize" classname="simpledb.TupleDescTest" time="0.004"/>
    <testcase name="numFields" classname="simpledb.TupleDescTest" time="0.001"/>
    <testcase name="getFieldName" classname="simpledb.TupleDescTest" time="0.001"/>
    <testcase name="testIterator" classname="simpledb.TupleDescTest" time="0.013"/>
    <testcase name="testToString" classname="simpledb.TupleDescTest" time="0.009"/>
    <testcase name="nameToId" classname="simpledb.TupleDescTest" time="0.154"/>
    <testcase name="testEquals" classname="simpledb.TupleDescTest" time="0.029"/>
  </testsuite>
  <testsuite name="simpledb.LockingTest2" time="2.057">
    <testcase name="acquireWriteLocksOnTwoPages" classname="simpledb.LockingTest2" time="0.236"/>
    <testcase name="acquireThenRelease" classname="simpledb.LockingTest2" time="0.332"/>
    <testcase name="acquireReadLocksOnSamePage" classname="simpledb.LockingTest2" time="0.166"/>
    <testcase name="acquireReadWriteLocksOnSamePage" classname="simpledb.LockingTest2" time="0.186"/>
    <testcase name="acquireWriteReadLocksOnSamePage" classname="simpledb.LockingTest2" time="0.243"/>
    <testcase name="acquireReadWriteLocksOnTwoPages" classname="simpledb.LockingTest2" time="0.212"/>
    <testcase name="acquireReadLocksOnTwoPages" classname="simpledb.LockingTest2" time="0.2"/>
    <testcase name="lockUpgrade" classname="simpledb.LockingTest2" time="0.248"/>
    <testcase name="acquireWriteAndReadLocks" classname="simpledb.LockingTest2" time="0.234"/>
  </testsuite>
  <testsuite name="simpledb.systemtest.TransactionTest" time="40.31">
    <testcase name="testTwoThreads" classname="simpledb.systemtest.TransactionTest" time="1.152"/>
    <testcase name="testFiveThreads" classname="simpledb.systemtest.TransactionTest" time="10.135">
      <failure>java.lang.AssertionError: expected:&lt;5&gt; but was:&lt;4&gt;
	at org.junit.Assert.fail(Assert.java:91)
	at org.junit.Assert.failNotEquals(Assert.java:618)
	at org.junit.Assert.assertEquals(Assert.java:126)
	at org.junit.Assert.assertEquals(Assert.java:443)
	at org.junit.Assert.assertEquals(Assert.java:427)
	at simpledb.systemtest.TransactionTest.validateTransactions(TransactionTest.java:67)
	at simpledb.systemtest.TransactionTest.testFiveThreads(TransactionTest.java:224)
	at sun.reflect.NativeMethodAccessorImpl.invoke0(Native Method)
	at sun.reflect.NativeMethodAccessorImpl.invoke(NativeMethodAccessorImpl.java:57)
	at sun.reflect.DelegatingMethodAccessorImpl.invoke(DelegatingMethodAccessorImpl.java:43)
	at java.lang.reflect.Method.invoke(Method.java:606)
	at org.junit.runners.model.FrameworkMethod$1.runReflectiveCall(FrameworkMethod.java:44)
	at org.junit.internal.runners.model.ReflectiveCallable.run(ReflectiveCallable.java:15)
	at org.junit.runners.model.FrameworkMethod.invokeExplosively(FrameworkMethod.java:41)
	at org.junit.internal.runners.statements.InvokeMethod.evaluate(InvokeMethod.java:20)
	at org.junit.internal.runners.statements.RunBefores.evaluate(RunBefores.java:28)
	at org.junit.internal.runners.statements.RunAfters.evaluate(RunAfters.java:31)
	at org.junit.runners.BlockJUnit4ClassRunner.runChild(BlockJUnit4ClassRunner.java:73)
	at org.junit.runners.BlockJUnit4ClassRunner.runChild(BlockJUnit4ClassRunner.java:46)
	at org.junit.runners.ParentRunner.runChildren(ParentRunner.java:180)
	at org.junit.runners.ParentRunner.access$000(ParentRunner.java:41)
	at org.junit.runners.ParentRunner$1.evaluate(ParentRunner.java:173)
	at org.junit.internal.runners.statements.RunBefores.evaluate(RunBefores.java:28)
	at org.junit.internal.runners.statements.RunAfters.evaluate(RunAfters.java:31)
	at org.junit.runners.ParentRunner.run(ParentRunner.java:220)
	at junit.framework.JUnit4TestAdapter.run(JUnit4TestAdapter.java:39)
	at org.junit.internal.runners.JUnit38ClassRunner.run(JUnit38ClassRunner.java:79)
	at org.eclipse.jdt.internal.junit4.runner.JUnit4TestReference.run(JUnit4TestReference.java:50)
	at org.eclipse.jdt.internal.junit.runner.TestExecution.run(TestExecution.java:38)
	at org.eclipse.jdt.internal.junit.runner.RemoteTestRunner.runTests(RemoteTestRunner.java:467)
	at org.eclipse.jdt.internal.junit.runner.RemoteTestRunner.runTests(RemoteTestRunner.java:683)
	at org.eclipse.jdt.internal.junit.runner.RemoteTestRunner.run(RemoteTestRunner.java:390)
	at org.eclipse.jdt.internal.junit.runner.RemoteTestRunner.main(RemoteTestRunner.java:197)

</failure>
    </testcase>
    <testcase name="testTenThreads" classname="simpledb.systemtest.TransactionTest" time="28.707"/>
    <testcase name="testAllDirtyFails" classname="simpledb.systemtest.TransactionTest" time="0.237"/>
    <testcase name="testSingleThread" classname="simpledb.systemtest.TransactionTest" time="0.076"/>
  </testsuite>
  <testsuite name="simpledb.systemtest.JoinTest" time="0.305">
    <testcase name="testSingleMatch" classname="simpledb.systemtest.JoinTest" time="0.199"/>
    <testcase name="testNoMatch" classname="simpledb.systemtest.JoinTest" time="0.054"/>
    <testcase name="testMultipleMatch" classname="simpledb.systemtest.JoinTest" time="0.051"/>
  </testsuite>
  <testsuite name="simpledb.systemtest.FilterTest" time="0.868">
    <testcase name="testEquals" classname="simpledb.systemtest.FilterTest" time="0.197"/>
    <testcase name="testLessThan" classname="simpledb.systemtest.FilterTest" time="0.154"/>
    <testcase name="testLessThanOrEq" classname="simpledb.systemtest.FilterTest" time="0.116"/>
    <testcase name="testGreaterThan" classname="simpledb.systemtest.FilterTest" time="0.144"/>
    <testcase name="testGreaterThanOrEq" classname="simpledb.systemtest.FilterTest" time="0.256"/>
  </testsuite>
  <testsuite name="simpledb.DeadlockTest" time="4.423">
    <testcase name="testReadWriteDeadlock" classname="simpledb.DeadlockTest" time="1.709"/>
    <testcase name="testWriteWriteDeadlock" classname="simpledb.DeadlockTest" time="1.342"/>
    <testcase name="testUpgradeWriteDeadlock" classname="simpledb.DeadlockTest" time="1.372"/>
  </testsuite>
  <testsuite name="simpledb.HeapFileReadTest" time="0.349">
    <testcase name="getId" classname="simpledb.HeapFileReadTest" time="0.085"/>
    <testcase name="getTupleDesc" classname="simpledb.HeapFileReadTest" time="0.107"/>
    <testcase name="numPages" classname="simpledb.HeapFileReadTest" time="0.039"/>
    <testcase name="readPage" classname="simpledb.HeapFileReadTest" time="0.026"/>
    <testcase name="testIteratorBasic" classname="simpledb.HeapFileReadTest" time="0.058"/>
    <testcase name="testIteratorClose" classname="simpledb.HeapFileReadTest" time="0.034"/>
  </testsuite>
  <testsuite name="simpledb.systemtest.QueryTest" time="20.019">
    <testcase name="queryTest" classname="simpledb.systemtest.QueryTest" time="20.019">
      <error>java.lang.Exception: test timed out after 20000 milliseconds
	at org.junit.internal.runners.statements.FailOnTimeout.evaluate(FailOnTimeout.java:48)
	at org.junit.internal.runners.statements.RunBefores.evaluate(RunBefores.java:28)
	at org.junit.internal.runners.statements.RunAfters.evaluate(RunAfters.java:31)
	at org.junit.runners.BlockJUnit4ClassRunner.runChild(BlockJUnit4ClassRunner.java:73)
	at org.junit.runners.BlockJUnit4ClassRunner.runChild(BlockJUnit4ClassRunner.java:46)
	at org.junit.runners.ParentRunner.runChildren(ParentRunner.java:180)
	at org.junit.runners.ParentRunner.access$000(ParentRunner.java:41)
	at org.junit.runners.ParentRunner$1.evaluate(ParentRunner.java:173)
	at org.junit.internal.runners.statements.RunBefores.evaluate(RunBefores.java:28)
	at org.junit.internal.runners.statements.RunAfters.evaluate(RunAfters.java:31)
	at org.junit.runners.ParentRunner.run(ParentRunner.java:220)
	at org.eclipse.jdt.internal.junit4.runner.JUnit4TestReference.run(JUnit4TestReference.java:50)
	at org.eclipse.jdt.internal.junit.runner.TestExecution.run(TestExecution.java:38)
	at org.eclipse.jdt.internal.junit.runner.RemoteTestRunner.runTests(RemoteTestRunner.java:467)
	at org.eclipse.jdt.internal.junit.runner.RemoteTestRunner.runTests(RemoteTestRunner.java:683)
	at org.eclipse.jdt.internal.junit.runner.RemoteTestRunner.run(RemoteTestRunner.java:390)
	at org.eclipse.jdt.internal.junit.runner.RemoteTestRunner.main(RemoteTestRunner.java:197)

</error>
    </testcase>
  </testsuite>
  <testsuite name="simpledb.HeapPageWriteTest" time="0.162">
    <testcase name="testDirty" classname="simpledb.HeapPageWriteTest" time="0.042"/>
    <testcase name="addTuple" classname="simpledb.HeapPageWriteTest" time="0.109"/>
    <testcase name="deleteNonexistentTuple" classname="simpledb.HeapPageWriteTest" time="0.007"/>
    <testcase name="deleteTuple" classname="simpledb.HeapPageWriteTest" time="0.004"/>
  </testsuite>
  <testsuite name="simpledb.systemtest.AbortEvictionTest" time="0.217">
    <testcase name="testDoNotEvictDirtyPages" classname="simpledb.systemtest.AbortEvictionTest" time="0.217"/>
  </testsuite>
  <testsuite name="simpledb.IntegerAggregatorTest" time="0.149">
    <testcase name="testIterator" classname="simpledb.IntegerAggregatorTest" time="0.133"/>
    <testcase name="mergeSum" classname="simpledb.IntegerAggregatorTest" time="0.002"/>
    <testcase name="mergeMin" classname="simpledb.IntegerAggregatorTest" time="0.003"/>
    <testcase name="mergeMax" classname="simpledb.IntegerAggregatorTest" time="0.003"/>
    <testcase name="mergeAvg" classname="simpledb.IntegerAggregatorTest" time="0.007"/>
  </testsuite>
  <testsuite name="simpledb.systemtest.AggregateTest" time="0.404">
    <testcase name="testCount" classname="simpledb.systemtest.AggregateTest" time="0.047"/>
    <testcase name="testSum" classname="simpledb.systemtest.AggregateTest" time="0.04"/>
    <testcase name="testMin" classname="simpledb.systemtest.AggregateTest" time="0.088"/>
    <testcase name="testMax" classname="simpledb.systemtest.AggregateTest" time="0.081"/>
    <testcase name="testAverage" classname="simpledb.systemtest.AggregateTest" time="0.071"/>
    <testcase name="testAverageNoGroup" classname="simpledb.systemtest.AggregateTest" time="0.077"/>
  </testsuite>
  <testsuite name="simpledb.systemtest.DeleteTest" time="1.751">
    <testcase name="testEquals" classname="simpledb.systemtest.DeleteTest" time="0.349"/>
    <testcase name="testLessThan" classname="simpledb.systemtest.DeleteTest" time="0.39"/>
    <testcase name="testLessThanOrEq" classname="simpledb.systemtest.DeleteTest" time="0.381"/>
    <testcase name="testGreaterThan" classname="simpledb.systemtest.DeleteTest" time="0.226"/>
    <testcase name="testGreaterThanOrEq" classname="simpledb.systemtest.DeleteTest" time="0.405"/>
  </testsuite>
  <testsuite name="simpledb.JoinPredicateTest" time="0.048">
    <testcase name="filterVaryingVals" classname="simpledb.JoinPredicateTest" time="0.048"/>
  </testsuite>
  <testsuite name="simpledb.HeapPageReadTest" time="0.015">
    <testcase name="getId" classname="simpledb.HeapPageReadTest" time="0.005"/>
    <testcase name="getSlot" classname="simpledb.HeapPageReadTest" time="0.003"/>
    <testcase name="testIterator" classname="simpledb.HeapPageReadTest" time="0.004"/>
    <testcase name="getNumEmptySlots" classname="simpledb.HeapPageReadTest" time="0.003"/>
  </testsuite>
  <testsuite name="simpledb.CatalogTest" time="0.093">
    <testcase name="getTableId" classname="simpledb.CatalogTest" time="0.077"/>
    <testcase name="getTupleDesc" classname="simpledb.CatalogTest" time="0.004"/>
    <testcase name="getDatabaseFile" classname="simpledb.CatalogTest" time="0.012"/>
  </testsuite>
  <testsuite name="simpledb.systemtest.EvictionTest" time="6.537">
    <testcase name="testHeapFileScanWithManyPages" classname="simpledb.systemtest.EvictionTest" time="6.537"/>
  </testsuite>
  <testsuite name="simpledb.RecordIdTest" time="0.014">
    <testcase name="equals" classname="simpledb.RecordIdTest" time="0.004"/>
    <testcase name="getPageId" classname="simpledb.RecordIdTest" time="0.003"/>
    <testcase name="tupleno" classname="simpledb.RecordIdTest" time="0.002"/>
    <testcase name="hCode" classname="simpledb.RecordIdTest" time="0.005"/>
  </testsuite>
  <testsuite name="simpledb.FilterTest" time="0.077">
    <testcase name="rewind" classname="simpledb.FilterTest" time="0.047"/>
    <testcase name="getTupleDesc" classname="simpledb.FilterTest" time="0.007"/>
    <testcase name="filterSomeLessThan" classname="simpledb.FilterTest" time="0.006"/>
    <testcase name="filterAllLessThan" classname="simpledb.FilterTest" time="0.005"/>
    <testcase name="filterEqual" classname="simpledb.FilterTest" time="0.007"/>
    <testcase name="filterEqualNoTuples" classname="simpledb.FilterTest" time="0.005"/>
  </testsuite>
  <testsuite name="simpledb.HeapFileWriteTest" time="0.549">
    <testcase name="addTuple" classname="simpledb.HeapFileWriteTest" time="0.549"/>
  </testsuite>
  <testsuite name="simpledb.JoinTest" time="0.012">
    <testcase name="rewind" classname="simpledb.JoinTest" time="0.003"/>
    <testcase name="getTupleDesc" classname="simpledb.JoinTest" time="0.003"/>
    <testcase name="eqJoin" classname="simpledb.JoinTest" time="0.002"/>
    <testcase name="gtJoin" classname="simpledb.JoinTest" time="0.004"/>
  </testsuite>
  <testsuite name="simpledb.TableStatsTest" time="14.151">
    <testcase name="estimateScanCostTest" classname="simpledb.TableStatsTest" time="12.38"/>
    <testcase name="estimateTableCardinalityTest" classname="simpledb.TableStatsTest" time="0.948"/>
    <testcase name="estimateSelectivityTest" classname="simpledb.TableStatsTest" time="0.383"/>
    <testcase name="numDistinctTest" classname="simpledb.TableStatsTest" time="0.439"/>
  </testsuite>
  <testsuite name="simpledb.TransactionTest" time="1.682">
    <testcase name="attemptTransactionTwice" classname="simpledb.TransactionTest" time="0.35"/>
    <testcase name="commitTransaction" classname="simpledb.TransactionTest" time="0.674"/>
    <testcase name="abortTransaction" classname="simpledb.TransactionTest" time="0.656"/>
  </testsuite>
  <testsuite name="simpledb.IntHistogramTest" time="3.926">
    <testcase name="opGreaterThanOrEqualsTest" classname="simpledb.IntHistogramTest" time="0.002"/>
    <testcase name="opNotEqualsTest" classname="simpledb.IntHistogramTest" time="0.005"/>
    <testcase name="uniformTest" classname="simpledb.IntHistogramTest" time="0.003"/>
    <testcase name="uniformTestWithRange" classname="simpledb.IntHistogramTest" time="0.002"/>
    <testcase name="testLargeLastBin" classname="simpledb.IntHistogramTest" time="0.002"/>
    <testcase name="orderOfGrowthTest" classname="simpledb.IntHistogramTest" time="3.893"/>
    <testcase name="extraBuckets" classname="simpledb.IntHistogramTest" time="0.004"/>
    <testcase name="negativeRangeTest" classname="simpledb.IntHistogramTest" time="0.004"/>
    <testcase name="opEqualsTest" classname="simpledb.IntHistogramTest" time="0.002"/>
    <testcase name="opLessThanTest" classname="simpledb.IntHistogramTest" time="0.002"/>
    <testcase name="opLessThanOrEqualsTest" classname="simpledb.IntHistogramTest" time="0.002"/>
    <testcase name="opGreaterThanTest" classname="simpledb.IntHistogramTest" time="0.004"/>
  </testsuite>
  <testsuite name="simpledb.AggregateTest" time="0.028">
    <testcase name="rewind" classname="simpledb.AggregateTest" time="0.005"/>
    <testcase name="getTupleDesc" classname="simpledb.AggregateTest" time="0.003"/>
    <testcase name="countStringAggregate" classname="simpledb.AggregateTest" time="0.002"/>
    <testcase name="sumStringGroupBy" classname="simpledb.AggregateTest" time="0.002"/>
    <testcase name="sumAggregate" classname="simpledb.AggregateTest" time="0.002"/>
    <testcase name="avgAggregate" classname="simpledb.AggregateTest" time="0.002"/>
    <testcase name="maxAggregate" classname="simpledb.AggregateTest" time="0.009"/>
    <testcase name="minAggregate" classname="simpledb.AggregateTest" time="0.003"/>
  </testsuite>
  <testsuite name="simpledb.InsertTest" time="0.02">
    <testcase name="getTupleDesc" classname="simpledb.InsertTest" time="0.01"/>
    <testcase name="getNext" classname="simpledb.InsertTest" time="0.01"/>
  </testsuite>
  <testsuite name="simpledb.systemtest.InsertTest" time="0.084">
    <testcase name="testEmptyToEmpty" classname="simpledb.systemtest.InsertTest" time="0.024"/>
    <testcase name="testEmptyToOne" classname="simpledb.systemtest.InsertTest" time="0.025"/>
    <testcase name="testOneToEmpty" classname="simpledb.systemtest.InsertTest" time="0.018"/>
    <testcase name="testOneToOne" classname="simpledb.systemtest.InsertTest" time="0.017"/>
  </testsuite>
</testrun>
